Flutter crash report; please file at https://github.com/flutter/flutter/issues.

## command

flutter --quiet assemble --depfile F:\Flutter\invitationcard_maker\build\app\intermediates\flutter\debug/flutter_build.d --output F:\Flutter\invitationcard_maker\build\app\intermediates\flutter\debug -dTargetFile=F:\Flutter\invitationcard_maker\lib\main.dart -dTargetPlatform=android -dBuildMode=debug debug_android_application

## exception

FileSystemException: FileSystemException: Cannot delete file, path = 'F:\Flutter\invitationcard_maker\.dart_tool\flutter_build\68ac52414ca46fc5db86415b6b9c6ff0\debug_android_application.stamp' (OS Error: The system cannot find the file specified.
, errno = 2)

```
#0      _File.throwIfError (dart:io/file_impl.dart:645:7)
#1      _File._deleteSync (dart:io/file_impl.dart:308:5)
#2      FileSystemEntity.deleteSync (dart:io/file_system_entity.dart:466:47)
#3      ForwardingFileSystemEntity.deleteSync (package:file/src/forwarding/forwarding_file_system_entity.dart:72:16)
#4      Target.clearStamp (package:flutter_tools/src/build_system/build_system.dart:153:13)
#5      _BuildInstance._invokeInternal (package:flutter_tools/src/build_system/build_system.dart:566:19)
<asynchronous suspension>
#6      _BuildInstance.invokeTarget.<anonymous closure> (package:flutter_tools/src/build_system/build_system.dart:486:35)
#7      new Future.sync (dart:async/future.dart:224:31)
#8      AsyncMemoizer.runOnce (package:async/src/async_memoizer.dart:43:45)
#9      _BuildInstance.invokeTarget (package:flutter_tools/src/build_system/build_system.dart:486:21)
<asynchronous suspension>
#10     BuildSystem.build (package:flutter_tools/src/build_system/build_system.dart:424:36)
#11     AssembleCommand.runCommand (package:flutter_tools/src/commands/assemble.dart:170:50)
#12     FlutterCommand.verifyThenRunCommand (package:flutter_tools/src/runner/flutter_command.dart:615:18)
<asynchronous suspension>
#13     FlutterCommand.run.<anonymous closure> (package:flutter_tools/src/runner/flutter_command.dart:515:33)
<asynchronous suspension>
#14     AppContext.run.<anonymous closure> (package:flutter_tools/src/base/context.dart:146:29)
#15     _rootRun (dart:async/zone.dart:1126:13)
#16     _CustomZone.run (dart:async/zone.dart:1023:19)
#17     _runZoned (dart:async/zone.dart:1518:10)
#18     runZoned (dart:async/zone.dart:1465:12)
#19     AppContext.run (package:flutter_tools/src/base/context.dart:145:18)
#20     FlutterCommand.run (package:flutter_tools/src/runner/flutter_command.dart:505:20)
#21     CommandRunner.runCommand (package:args/command_runner.dart:197:27)
#22     FlutterCommandRunner.runCommand.<anonymous closure> (package:flutter_tools/src/runner/flutter_command_runner.dart:413:21)
<asynchronous suspension>
#23     AppContext.run.<anonymous closure> (package:flutter_tools/src/base/context.dart:146:29)
#24     _rootRun (dart:async/zone.dart:1126:13)
#25     _CustomZone.run (dart:async/zone.dart:1023:19)
#26     _runZoned (dart:async/zone.dart:1518:10)
#27     runZoned (dart:async/zone.dart:1465:12)
#28     AppContext.run (package:flutter_tools/src/base/context.dart:145:18)
#29     FlutterCommandRunner.runCommand (package:flutter_tools/src/runner/flutter_command_runner.dart:364:19)
#30     CommandRunner.run.<anonymous closure> (package:args/command_runner.dart:112:25)
#31     new Future.sync (dart:async/future.dart:224:31)
#32     CommandRunner.run (package:args/command_runner.dart:112:14)
#33     FlutterCommandRunner.run (package:flutter_tools/src/runner/flutter_command_runner.dart:250:18)
#34     run.<anonymous closure>.<anonymous closure> (package:flutter_tools/runner.dart:63:22)
#35     _rootRun (dart:async/zone.dart:1126:13)
#36     _CustomZone.run (dart:async/zone.dart:1023:19)
#37     _runZoned (dart:async/zone.dart:1518:10)
#38     runZoned (dart:async/zone.dart:1502:12)
#39     run.<anonymous closure> (package:flutter_tools/runner.dart:61:18)
<asynchronous suspension>
#40     AppContext.run.<anonymous closure> (package:flutter_tools/src/base/context.dart:146:29)
#41     _rootRun (dart:async/zone.dart:1126:13)
#42     _CustomZone.run (dart:async/zone.dart:1023:19)
#43     _runZoned (dart:async/zone.dart:1518:10)
#44     runZoned (dart:async/zone.dart:1465:12)
#45     AppContext.run (package:flutter_tools/src/base/context.dart:145:18)
#46     runInContext (package:flutter_tools/src/context_runner.dart:64:24)
#47     run (package:flutter_tools/runner.dart:50:10)
#48     main (package:flutter_tools/executable.dart:65:9)
#49     main (file:///C:/flutter/packages/flutter_tools/bin/flutter_tools.dart:8:3)
#50     _startIsolate.<anonymous closure> (dart:isolate-patch/isolate_patch.dart:305:32)
#51     _RawReceivePortImpl._handleMessage (dart:isolate-patch/isolate_patch.dart:174:12)
```

## flutter doctor

```
[✓] Flutter (Channel stable, v1.12.13+hotfix.7, on Microsoft Windows [Version 10.0.18362.657], locale en-US)
    • Flutter version 1.12.13+hotfix.7 at C:\flutter
    • Framework revision 9f5ff2306b (7 weeks ago), 2020-01-26 22:38:26 -0800
    • Engine revision a67792536c
    • Dart version 2.7.0

[!] Android toolchain - develop for Android devices (Android SDK version 29.0.3)
    • Android SDK at C:\Users\Jaimin\AppData\Local\Android\sdk
    • Android NDK location not configured (optional; useful for native profiling support)
    • Platform android-29, build-tools 29.0.3
    • Java binary at: C:\Program Files\Android\Android Studio\jre\bin\java
    • Java version OpenJDK Runtime Environment (build 1.8.0_202-release-1483-b03)
    ! Some Android licenses not accepted.  To resolve this, run: flutter doctor --android-licenses

[✓] Android Studio (version 3.5)
    • Android Studio at C:\Program Files\Android\Android Studio
    • Flutter plugin version 44.0.1
    • Dart plugin version 191.8593
    • Java version OpenJDK Runtime Environment (build 1.8.0_202-release-1483-b03)

[✓] VS Code (version 1.43.0)
    • VS Code at C:\Users\Jaimin\AppData\Local\Programs\Microsoft VS Code
    • Flutter extension version 3.8.1

[✓] Connected device (1 available)
    • Redmi 5A • fb7d4fb7d540 • android-arm64 • Android 8.1.0 (API 27)

! Doctor found issues in 1 category.
```
